<?xml version="1.0" encoding="UTF-8"?>
<testsuite xmlns:xsi="http://www.w3.org/2001/XMLSchema-instance" xsi:noNamespaceSchemaLocation="https://maven.apache.org/surefire/maven-surefire-plugin/xsd/surefire-test-report-3.0.xsd" version="3.0" name="TestSuite" time="165.71" tests="10" errors="0" skipped="0" failures="3">
  <properties>
    <property name="sun.desktop" value="gnome"/>
    <property name="awt.toolkit" value="sun.awt.X11.XToolkit"/>
    <property name="java.specification.version" value="11"/>
    <property name="log4j.configurationFile" value="./src/main/resources/log4j2.xml"/>
    <property name="webdriver.chrome.driver" value="/home/pandian/.cache/selenium/chromedriver/linux64/99.0.4844.51/chromedriver"/>
    <property name="sun.cpu.isalist" value=""/>
    <property name="sun.jnu.encoding" value="UTF-8"/>
    <property name="sun.awt.enableExtraMouseButtons" value="true"/>
    <property name="java.class.path" value="/home/pandian/Documents/Automation/target/test-classes:/home/pandian/Documents/Automation/target/classes:/home/pandian/.m2/repository/org/seleniumhq/selenium/selenium-java/4.1.1/selenium-java-4.1.1.jar:/home/pandian/.m2/repository/org/seleniumhq/selenium/selenium-chrome-driver/4.1.1/selenium-chrome-driver-4.1.1.jar:/home/pandian/.m2/repository/com/google/auto/service/auto-service-annotations/1.0.1/auto-service-annotations-1.0.1.jar:/home/pandian/.m2/repository/com/google/auto/service/auto-service/1.0.1/auto-service-1.0.1.jar:/home/pandian/.m2/repository/com/google/auto/auto-common/1.2/auto-common-1.2.jar:/home/pandian/.m2/repository/org/seleniumhq/selenium/selenium-chromium-driver/4.1.1/selenium-chromium-driver-4.1.1.jar:/home/pandian/.m2/repository/org/seleniumhq/selenium/selenium-json/4.1.1/selenium-json-4.1.1.jar:/home/pandian/.m2/repository/org/seleniumhq/selenium/selenium-devtools-v85/4.1.1/selenium-devtools-v85-4.1.1.jar:/home/pandian/.m2/repository/org/seleniumhq/selenium/selenium-devtools-v94/4.1.1/selenium-devtools-v94-4.1.1.jar:/home/pandian/.m2/repository/org/seleniumhq/selenium/selenium-devtools-v95/4.1.1/selenium-devtools-v95-4.1.1.jar:/home/pandian/.m2/repository/org/seleniumhq/selenium/selenium-devtools-v96/4.1.1/selenium-devtools-v96-4.1.1.jar:/home/pandian/.m2/repository/org/seleniumhq/selenium/selenium-edge-driver/4.1.1/selenium-edge-driver-4.1.1.jar:/home/pandian/.m2/repository/org/seleniumhq/selenium/selenium-firefox-driver/4.1.1/selenium-firefox-driver-4.1.1.jar:/home/pandian/.m2/repository/org/seleniumhq/selenium/selenium-firefox-xpi-driver/4.1.1/selenium-firefox-xpi-driver-4.1.1.jar:/home/pandian/.m2/repository/org/seleniumhq/selenium/selenium-ie-driver/4.1.1/selenium-ie-driver-4.1.1.jar:/home/pandian/.m2/repository/org/seleniumhq/selenium/selenium-opera-driver/4.1.1/selenium-opera-driver-4.1.1.jar:/home/pandian/.m2/repository/org/seleniumhq/selenium/selenium-remote-driver/4.1.1/selenium-remote-driver-4.1.1.jar:/home/pandian/.m2/repository/io/netty/netty-buffer/4.1.70.Final/netty-buffer-4.1.70.Final.jar:/home/pandian/.m2/repository/io/netty/netty-codec-http/4.1.70.Final/netty-codec-http-4.1.70.Final.jar:/home/pandian/.m2/repository/io/netty/netty-codec/4.1.70.Final/netty-codec-4.1.70.Final.jar:/home/pandian/.m2/repository/io/netty/netty-handler/4.1.70.Final/netty-handler-4.1.70.Final.jar:/home/pandian/.m2/repository/io/netty/netty-common/4.1.70.Final/netty-common-4.1.70.Final.jar:/home/pandian/.m2/repository/io/netty/netty-transport-classes-epoll/4.1.70.Final/netty-transport-classes-epoll-4.1.70.Final.jar:/home/pandian/.m2/repository/io/netty/netty-transport-classes-kqueue/4.1.70.Final/netty-transport-classes-kqueue-4.1.70.Final.jar:/home/pandian/.m2/repository/io/netty/netty-transport-native-unix-common/4.1.70.Final/netty-transport-native-unix-common-4.1.70.Final.jar:/home/pandian/.m2/repository/io/netty/netty-transport/4.1.70.Final/netty-transport-4.1.70.Final.jar:/home/pandian/.m2/repository/io/netty/netty-resolver/4.1.70.Final/netty-resolver-4.1.70.Final.jar:/home/pandian/.m2/repository/io/opentelemetry/opentelemetry-api/1.9.1/opentelemetry-api-1.9.1.jar:/home/pandian/.m2/repository/io/opentelemetry/opentelemetry-context/1.9.1/opentelemetry-context-1.9.1.jar:/home/pandian/.m2/repository/io/opentelemetry/opentelemetry-exporter-logging/1.9.1/opentelemetry-exporter-logging-1.9.1.jar:/home/pandian/.m2/repository/io/opentelemetry/opentelemetry-sdk-metrics/1.9.1-alpha/opentelemetry-sdk-metrics-1.9.1-alpha.jar:/home/pandian/.m2/repository/io/opentelemetry/opentelemetry-sdk-logs/1.9.1-alpha/opentelemetry-sdk-logs-1.9.1-alpha.jar:/home/pandian/.m2/repository/io/opentelemetry/opentelemetry-sdk-common/1.9.1/opentelemetry-sdk-common-1.9.1.jar:/home/pandian/.m2/repository/io/opentelemetry/opentelemetry-sdk-extension-autoconfigure-spi/1.9.1/opentelemetry-sdk-extension-autoconfigure-spi-1.9.1.jar:/home/pandian/.m2/repository/io/opentelemetry/opentelemetry-sdk-extension-autoconfigure/1.9.1-alpha/opentelemetry-sdk-extension-autoconfigure-1.9.1-alpha.jar:/home/pandian/.m2/repository/io/opentelemetry/opentelemetry-sdk-trace/1.9.1/opentelemetry-sdk-trace-1.9.1.jar:/home/pandian/.m2/repository/io/opentelemetry/opentelemetry-api-metrics/1.9.1-alpha/opentelemetry-api-metrics-1.9.1-alpha.jar:/home/pandian/.m2/repository/io/opentelemetry/opentelemetry-sdk/1.9.1/opentelemetry-sdk-1.9.1.jar:/home/pandian/.m2/repository/io/opentelemetry/opentelemetry-semconv/1.9.1-alpha/opentelemetry-semconv-1.9.1-alpha.jar:/home/pandian/.m2/repository/io/ous/jtoml/2.0.0/jtoml-2.0.0.jar:/home/pandian/.m2/repository/net/bytebuddy/byte-buddy/1.12.2/byte-buddy-1.12.2.jar:/home/pandian/.m2/repository/org/apache/commons/commons-exec/1.3/commons-exec-1.3.jar:/home/pandian/.m2/repository/org/asynchttpclient/async-http-client/2.12.3/async-http-client-2.12.3.jar:/home/pandian/.m2/repository/org/asynchttpclient/async-http-client-netty-utils/2.12.3/async-http-client-netty-utils-2.12.3.jar:/home/pandian/.m2/repository/io/netty/netty-codec-socks/4.1.60.Final/netty-codec-socks-4.1.60.Final.jar:/home/pandian/.m2/repository/io/netty/netty-handler-proxy/4.1.60.Final/netty-handler-proxy-4.1.60.Final.jar:/home/pandian/.m2/repository/io/netty/netty-transport-native-epoll/4.1.60.Final/netty-transport-native-epoll-4.1.60.Final-linux-x86_64.jar:/home/pandian/.m2/repository/io/netty/netty-transport-native-kqueue/4.1.60.Final/netty-transport-native-kqueue-4.1.60.Final-osx-x86_64.jar:/home/pandian/.m2/repository/com/typesafe/netty/netty-reactive-streams/2.0.4/netty-reactive-streams-2.0.4.jar:/home/pandian/.m2/repository/com/sun/activation/jakarta.activation/1.2.2/jakarta.activation-1.2.2.jar:/home/pandian/.m2/repository/org/seleniumhq/selenium/selenium-http/4.1.1/selenium-http-4.1.1.jar:/home/pandian/.m2/repository/net/jodah/failsafe/2.4.4/failsafe-2.4.4.jar:/home/pandian/.m2/repository/org/seleniumhq/selenium/selenium-safari-driver/4.1.1/selenium-safari-driver-4.1.1.jar:/home/pandian/.m2/repository/org/seleniumhq/selenium/selenium-support/4.1.1/selenium-support-4.1.1.jar:/home/pandian/.m2/repository/io/github/bonigarcia/webdrivermanager/5.0.3/webdrivermanager-5.0.3.jar:/home/pandian/.m2/repository/org/slf4j/slf4j-api/1.7.32/slf4j-api-1.7.32.jar:/home/pandian/.m2/repository/com/google/code/gson/gson/2.8.8/gson-2.8.8.jar:/home/pandian/.m2/repository/com/github/docker-java/docker-java/3.2.12/docker-java-3.2.12.jar:/home/pandian/.m2/repository/com/github/docker-java/docker-java-core/3.2.12/docker-java-core-3.2.12.jar:/home/pandian/.m2/repository/com/github/docker-java/docker-java-api/3.2.12/docker-java-api-3.2.12.jar:/home/pandian/.m2/repository/com/fasterxml/jackson/core/jackson-annotations/2.10.3/jackson-annotations-2.10.3.jar:/home/pandian/.m2/repository/org/apache/commons/commons-compress/1.21/commons-compress-1.21.jar:/home/pandian/.m2/repository/commons-lang/commons-lang/2.6/commons-lang-2.6.jar:/home/pandian/.m2/repository/com/fasterxml/jackson/core/jackson-databind/2.10.3/jackson-databind-2.10.3.jar:/home/pandian/.m2/repository/com/fasterxml/jackson/core/jackson-core/2.10.3/jackson-core-2.10.3.jar:/home/pandian/.m2/repository/org/bouncycastle/bcpkix-jdk15on/1.64/bcpkix-jdk15on-1.64.jar:/home/pandian/.m2/repository/org/bouncycastle/bcprov-jdk15on/1.64/bcprov-jdk15on-1.64.jar:/home/pandian/.m2/repository/org/slf4j/jcl-over-slf4j/1.7.30/jcl-over-slf4j-1.7.30.jar:/home/pandian/.m2/repository/com/github/docker-java/docker-java-transport-httpclient5/3.2.12/docker-java-transport-httpclient5-3.2.12.jar:/home/pandian/.m2/repository/com/github/docker-java/docker-java-transport/3.2.12/docker-java-transport-3.2.12.jar:/home/pandian/.m2/repository/org/apache/httpcomponents/client5/httpclient5/5.0.3/httpclient5-5.0.3.jar:/home/pandian/.m2/repository/org/apache/httpcomponents/core5/httpcore5/5.0.2/httpcore5-5.0.2.jar:/home/pandian/.m2/repository/commons-codec/commons-codec/1.13/commons-codec-1.13.jar:/home/pandian/.m2/repository/net/java/dev/jna/jna/5.8.0/jna-5.8.0.jar:/home/pandian/.m2/repository/com/google/guava/guava/30.1.1-jre/guava-30.1.1-jre.jar:/home/pandian/.m2/repository/com/google/guava/failureaccess/1.0.1/failureaccess-1.0.1.jar:/home/pandian/.m2/repository/com/google/guava/listenablefuture/9999.0-empty-to-avoid-conflict-with-guava/listenablefuture-9999.0-empty-to-avoid-conflict-with-guava.jar:/home/pandian/.m2/repository/org/checkerframework/checker-qual/3.8.0/checker-qual-3.8.0.jar:/home/pandian/.m2/repository/com/google/errorprone/error_prone_annotations/2.5.1/error_prone_annotations-2.5.1.jar:/home/pandian/.m2/repository/com/google/j2objc/j2objc-annotations/1.3/j2objc-annotations-1.3.jar:/home/pandian/.m2/repository/org/brotli/dec/0.1.2/dec-0.1.2.jar:/home/pandian/.m2/repository/org/testng/testng/7.5/testng-7.5.jar:/home/pandian/.m2/repository/com/google/code/findbugs/jsr305/3.0.1/jsr305-3.0.1.jar:/home/pandian/.m2/repository/com/beust/jcommander/1.78/jcommander-1.78.jar:/home/pandian/.m2/repository/org/webjars/jquery/3.5.1/jquery-3.5.1.jar:/home/pandian/.m2/repository/org/seleniumhq/selenium/selenium-api/4.1.2/selenium-api-4.1.2.jar:/home/pandian/.m2/repository/com/aventstack/extentreports/5.0.9/extentreports-5.0.9.jar:/home/pandian/.m2/repository/io/reactivex/rxjava3/rxjava/3.0.4/rxjava-3.0.4.jar:/home/pandian/.m2/repository/org/reactivestreams/reactive-streams/1.0.3/reactive-streams-1.0.3.jar:/home/pandian/.m2/repository/org/freemarker/freemarker/2.3.30/freemarker-2.3.30.jar:/home/pandian/.m2/repository/org/apache/logging/log4j/log4j-api/2.17.1/log4j-api-2.17.1.jar:/home/pandian/.m2/repository/org/apache/logging/log4j/log4j-core/2.17.1/log4j-core-2.17.1.jar:/home/pandian/.m2/repository/org/slf4j/slf4j-simple/2.0.0-alpha5/slf4j-simple-2.0.0-alpha5.jar:/home/pandian/.m2/repository/javax/mail/javax.mail-api/1.6.2/javax.mail-api-1.6.2.jar:/home/pandian/.m2/repository/commons-io/commons-io/2.11.0/commons-io-2.11.0.jar:/home/pandian/.m2/repository/org/projectlombok/lombok/1.18.22/lombok-1.18.22.jar:/home/pandian/.m2/repository/org/jsoup/jsoup/1.10.2/jsoup-1.10.2.jar:/home/pandian/.m2/repository/com/assertthat/selenium-shutterbug/1.5/selenium-shutterbug-1.5.jar:/home/pandian/.m2/repository/com/github/zafarkhaja/java-semver/0.9.0/java-semver-0.9.0.jar:"/>
    <property name="java.vm.vendor" value="Ubuntu"/>
    <property name="sun.arch.data.model" value="64"/>
    <property name="sun.font.fontmanager" value="sun.awt.X11FontManager"/>
    <property name="java.vendor.url" value="https://ubuntu.com/"/>
    <property name="user.timezone" value="Asia/Kolkata"/>
    <property name="java.vm.specification.version" value="11"/>
    <property name="os.name" value="Linux"/>
    <property name="sun.java.launcher" value="SUN_STANDARD"/>
    <property name="user.country" value="IN"/>
    <property name="sun.boot.library.path" value="/usr/lib/jvm/java-11-openjdk-amd64/lib"/>
    <property name="sun.java.command" value="/home/pandian/Documents/Automation/target/surefire/surefirebooter979770933252502654.jar /home/pandian/Documents/Automation/target/surefire 2022-03-05T22-12-53_461-jvmRun1 surefire15216903660598397383tmp surefire_08499701156790024083tmp"/>
    <property name="jdk.debug" value="release"/>
    <property name="surefire.test.class.path" value="/home/pandian/Documents/Automation/target/test-classes:/home/pandian/Documents/Automation/target/classes:/home/pandian/.m2/repository/org/seleniumhq/selenium/selenium-java/4.1.1/selenium-java-4.1.1.jar:/home/pandian/.m2/repository/org/seleniumhq/selenium/selenium-chrome-driver/4.1.1/selenium-chrome-driver-4.1.1.jar:/home/pandian/.m2/repository/com/google/auto/service/auto-service-annotations/1.0.1/auto-service-annotations-1.0.1.jar:/home/pandian/.m2/repository/com/google/auto/service/auto-service/1.0.1/auto-service-1.0.1.jar:/home/pandian/.m2/repository/com/google/auto/auto-common/1.2/auto-common-1.2.jar:/home/pandian/.m2/repository/org/seleniumhq/selenium/selenium-chromium-driver/4.1.1/selenium-chromium-driver-4.1.1.jar:/home/pandian/.m2/repository/org/seleniumhq/selenium/selenium-json/4.1.1/selenium-json-4.1.1.jar:/home/pandian/.m2/repository/org/seleniumhq/selenium/selenium-devtools-v85/4.1.1/selenium-devtools-v85-4.1.1.jar:/home/pandian/.m2/repository/org/seleniumhq/selenium/selenium-devtools-v94/4.1.1/selenium-devtools-v94-4.1.1.jar:/home/pandian/.m2/repository/org/seleniumhq/selenium/selenium-devtools-v95/4.1.1/selenium-devtools-v95-4.1.1.jar:/home/pandian/.m2/repository/org/seleniumhq/selenium/selenium-devtools-v96/4.1.1/selenium-devtools-v96-4.1.1.jar:/home/pandian/.m2/repository/org/seleniumhq/selenium/selenium-edge-driver/4.1.1/selenium-edge-driver-4.1.1.jar:/home/pandian/.m2/repository/org/seleniumhq/selenium/selenium-firefox-driver/4.1.1/selenium-firefox-driver-4.1.1.jar:/home/pandian/.m2/repository/org/seleniumhq/selenium/selenium-firefox-xpi-driver/4.1.1/selenium-firefox-xpi-driver-4.1.1.jar:/home/pandian/.m2/repository/org/seleniumhq/selenium/selenium-ie-driver/4.1.1/selenium-ie-driver-4.1.1.jar:/home/pandian/.m2/repository/org/seleniumhq/selenium/selenium-opera-driver/4.1.1/selenium-opera-driver-4.1.1.jar:/home/pandian/.m2/repository/org/seleniumhq/selenium/selenium-remote-driver/4.1.1/selenium-remote-driver-4.1.1.jar:/home/pandian/.m2/repository/io/netty/netty-buffer/4.1.70.Final/netty-buffer-4.1.70.Final.jar:/home/pandian/.m2/repository/io/netty/netty-codec-http/4.1.70.Final/netty-codec-http-4.1.70.Final.jar:/home/pandian/.m2/repository/io/netty/netty-codec/4.1.70.Final/netty-codec-4.1.70.Final.jar:/home/pandian/.m2/repository/io/netty/netty-handler/4.1.70.Final/netty-handler-4.1.70.Final.jar:/home/pandian/.m2/repository/io/netty/netty-common/4.1.70.Final/netty-common-4.1.70.Final.jar:/home/pandian/.m2/repository/io/netty/netty-transport-classes-epoll/4.1.70.Final/netty-transport-classes-epoll-4.1.70.Final.jar:/home/pandian/.m2/repository/io/netty/netty-transport-classes-kqueue/4.1.70.Final/netty-transport-classes-kqueue-4.1.70.Final.jar:/home/pandian/.m2/repository/io/netty/netty-transport-native-unix-common/4.1.70.Final/netty-transport-native-unix-common-4.1.70.Final.jar:/home/pandian/.m2/repository/io/netty/netty-transport/4.1.70.Final/netty-transport-4.1.70.Final.jar:/home/pandian/.m2/repository/io/netty/netty-resolver/4.1.70.Final/netty-resolver-4.1.70.Final.jar:/home/pandian/.m2/repository/io/opentelemetry/opentelemetry-api/1.9.1/opentelemetry-api-1.9.1.jar:/home/pandian/.m2/repository/io/opentelemetry/opentelemetry-context/1.9.1/opentelemetry-context-1.9.1.jar:/home/pandian/.m2/repository/io/opentelemetry/opentelemetry-exporter-logging/1.9.1/opentelemetry-exporter-logging-1.9.1.jar:/home/pandian/.m2/repository/io/opentelemetry/opentelemetry-sdk-metrics/1.9.1-alpha/opentelemetry-sdk-metrics-1.9.1-alpha.jar:/home/pandian/.m2/repository/io/opentelemetry/opentelemetry-sdk-logs/1.9.1-alpha/opentelemetry-sdk-logs-1.9.1-alpha.jar:/home/pandian/.m2/repository/io/opentelemetry/opentelemetry-sdk-common/1.9.1/opentelemetry-sdk-common-1.9.1.jar:/home/pandian/.m2/repository/io/opentelemetry/opentelemetry-sdk-extension-autoconfigure-spi/1.9.1/opentelemetry-sdk-extension-autoconfigure-spi-1.9.1.jar:/home/pandian/.m2/repository/io/opentelemetry/opentelemetry-sdk-extension-autoconfigure/1.9.1-alpha/opentelemetry-sdk-extension-autoconfigure-1.9.1-alpha.jar:/home/pandian/.m2/repository/io/opentelemetry/opentelemetry-sdk-trace/1.9.1/opentelemetry-sdk-trace-1.9.1.jar:/home/pandian/.m2/repository/io/opentelemetry/opentelemetry-api-metrics/1.9.1-alpha/opentelemetry-api-metrics-1.9.1-alpha.jar:/home/pandian/.m2/repository/io/opentelemetry/opentelemetry-sdk/1.9.1/opentelemetry-sdk-1.9.1.jar:/home/pandian/.m2/repository/io/opentelemetry/opentelemetry-semconv/1.9.1-alpha/opentelemetry-semconv-1.9.1-alpha.jar:/home/pandian/.m2/repository/io/ous/jtoml/2.0.0/jtoml-2.0.0.jar:/home/pandian/.m2/repository/net/bytebuddy/byte-buddy/1.12.2/byte-buddy-1.12.2.jar:/home/pandian/.m2/repository/org/apache/commons/commons-exec/1.3/commons-exec-1.3.jar:/home/pandian/.m2/repository/org/asynchttpclient/async-http-client/2.12.3/async-http-client-2.12.3.jar:/home/pandian/.m2/repository/org/asynchttpclient/async-http-client-netty-utils/2.12.3/async-http-client-netty-utils-2.12.3.jar:/home/pandian/.m2/repository/io/netty/netty-codec-socks/4.1.60.Final/netty-codec-socks-4.1.60.Final.jar:/home/pandian/.m2/repository/io/netty/netty-handler-proxy/4.1.60.Final/netty-handler-proxy-4.1.60.Final.jar:/home/pandian/.m2/repository/io/netty/netty-transport-native-epoll/4.1.60.Final/netty-transport-native-epoll-4.1.60.Final-linux-x86_64.jar:/home/pandian/.m2/repository/io/netty/netty-transport-native-kqueue/4.1.60.Final/netty-transport-native-kqueue-4.1.60.Final-osx-x86_64.jar:/home/pandian/.m2/repository/com/typesafe/netty/netty-reactive-streams/2.0.4/netty-reactive-streams-2.0.4.jar:/home/pandian/.m2/repository/com/sun/activation/jakarta.activation/1.2.2/jakarta.activation-1.2.2.jar:/home/pandian/.m2/repository/org/seleniumhq/selenium/selenium-http/4.1.1/selenium-http-4.1.1.jar:/home/pandian/.m2/repository/net/jodah/failsafe/2.4.4/failsafe-2.4.4.jar:/home/pandian/.m2/repository/org/seleniumhq/selenium/selenium-safari-driver/4.1.1/selenium-safari-driver-4.1.1.jar:/home/pandian/.m2/repository/org/seleniumhq/selenium/selenium-support/4.1.1/selenium-support-4.1.1.jar:/home/pandian/.m2/repository/io/github/bonigarcia/webdrivermanager/5.0.3/webdrivermanager-5.0.3.jar:/home/pandian/.m2/repository/org/slf4j/slf4j-api/1.7.32/slf4j-api-1.7.32.jar:/home/pandian/.m2/repository/com/google/code/gson/gson/2.8.8/gson-2.8.8.jar:/home/pandian/.m2/repository/com/github/docker-java/docker-java/3.2.12/docker-java-3.2.12.jar:/home/pandian/.m2/repository/com/github/docker-java/docker-java-core/3.2.12/docker-java-core-3.2.12.jar:/home/pandian/.m2/repository/com/github/docker-java/docker-java-api/3.2.12/docker-java-api-3.2.12.jar:/home/pandian/.m2/repository/com/fasterxml/jackson/core/jackson-annotations/2.10.3/jackson-annotations-2.10.3.jar:/home/pandian/.m2/repository/org/apache/commons/commons-compress/1.21/commons-compress-1.21.jar:/home/pandian/.m2/repository/commons-lang/commons-lang/2.6/commons-lang-2.6.jar:/home/pandian/.m2/repository/com/fasterxml/jackson/core/jackson-databind/2.10.3/jackson-databind-2.10.3.jar:/home/pandian/.m2/repository/com/fasterxml/jackson/core/jackson-core/2.10.3/jackson-core-2.10.3.jar:/home/pandian/.m2/repository/org/bouncycastle/bcpkix-jdk15on/1.64/bcpkix-jdk15on-1.64.jar:/home/pandian/.m2/repository/org/bouncycastle/bcprov-jdk15on/1.64/bcprov-jdk15on-1.64.jar:/home/pandian/.m2/repository/org/slf4j/jcl-over-slf4j/1.7.30/jcl-over-slf4j-1.7.30.jar:/home/pandian/.m2/repository/com/github/docker-java/docker-java-transport-httpclient5/3.2.12/docker-java-transport-httpclient5-3.2.12.jar:/home/pandian/.m2/repository/com/github/docker-java/docker-java-transport/3.2.12/docker-java-transport-3.2.12.jar:/home/pandian/.m2/repository/org/apache/httpcomponents/client5/httpclient5/5.0.3/httpclient5-5.0.3.jar:/home/pandian/.m2/repository/org/apache/httpcomponents/core5/httpcore5/5.0.2/httpcore5-5.0.2.jar:/home/pandian/.m2/repository/commons-codec/commons-codec/1.13/commons-codec-1.13.jar:/home/pandian/.m2/repository/net/java/dev/jna/jna/5.8.0/jna-5.8.0.jar:/home/pandian/.m2/repository/com/google/guava/guava/30.1.1-jre/guava-30.1.1-jre.jar:/home/pandian/.m2/repository/com/google/guava/failureaccess/1.0.1/failureaccess-1.0.1.jar:/home/pandian/.m2/repository/com/google/guava/listenablefuture/9999.0-empty-to-avoid-conflict-with-guava/listenablefuture-9999.0-empty-to-avoid-conflict-with-guava.jar:/home/pandian/.m2/repository/org/checkerframework/checker-qual/3.8.0/checker-qual-3.8.0.jar:/home/pandian/.m2/repository/com/google/errorprone/error_prone_annotations/2.5.1/error_prone_annotations-2.5.1.jar:/home/pandian/.m2/repository/com/google/j2objc/j2objc-annotations/1.3/j2objc-annotations-1.3.jar:/home/pandian/.m2/repository/org/brotli/dec/0.1.2/dec-0.1.2.jar:/home/pandian/.m2/repository/org/testng/testng/7.5/testng-7.5.jar:/home/pandian/.m2/repository/com/google/code/findbugs/jsr305/3.0.1/jsr305-3.0.1.jar:/home/pandian/.m2/repository/com/beust/jcommander/1.78/jcommander-1.78.jar:/home/pandian/.m2/repository/org/webjars/jquery/3.5.1/jquery-3.5.1.jar:/home/pandian/.m2/repository/org/seleniumhq/selenium/selenium-api/4.1.2/selenium-api-4.1.2.jar:/home/pandian/.m2/repository/com/aventstack/extentreports/5.0.9/extentreports-5.0.9.jar:/home/pandian/.m2/repository/io/reactivex/rxjava3/rxjava/3.0.4/rxjava-3.0.4.jar:/home/pandian/.m2/repository/org/reactivestreams/reactive-streams/1.0.3/reactive-streams-1.0.3.jar:/home/pandian/.m2/repository/org/freemarker/freemarker/2.3.30/freemarker-2.3.30.jar:/home/pandian/.m2/repository/org/apache/logging/log4j/log4j-api/2.17.1/log4j-api-2.17.1.jar:/home/pandian/.m2/repository/org/apache/logging/log4j/log4j-core/2.17.1/log4j-core-2.17.1.jar:/home/pandian/.m2/repository/org/slf4j/slf4j-simple/2.0.0-alpha5/slf4j-simple-2.0.0-alpha5.jar:/home/pandian/.m2/repository/javax/mail/javax.mail-api/1.6.2/javax.mail-api-1.6.2.jar:/home/pandian/.m2/repository/commons-io/commons-io/2.11.0/commons-io-2.11.0.jar:/home/pandian/.m2/repository/org/projectlombok/lombok/1.18.22/lombok-1.18.22.jar:/home/pandian/.m2/repository/org/jsoup/jsoup/1.10.2/jsoup-1.10.2.jar:/home/pandian/.m2/repository/com/assertthat/selenium-shutterbug/1.5/selenium-shutterbug-1.5.jar:/home/pandian/.m2/repository/com/github/zafarkhaja/java-semver/0.9.0/java-semver-0.9.0.jar:"/>
    <property name="sun.cpu.endian" value="little"/>
    <property name="user.home" value="/home/pandian"/>
    <property name="user.language" value="en"/>
    <property name="java.specification.vendor" value="Oracle Corporation"/>
    <property name="java.version.date" value="2021-10-19"/>
    <property name="java.home" value="/usr/lib/jvm/java-11-openjdk-amd64"/>
    <property name="file.separator" value="/"/>
    <property name="basedir" value="/home/pandian/Documents/Automation"/>
    <property name="java.vm.compressedOopsMode" value="Zero based"/>
    <property name="line.separator" value="&#10;"/>
    <property name="java.specification.name" value="Java Platform API Specification"/>
    <property name="java.vm.specification.vendor" value="Oracle Corporation"/>
    <property name="java.awt.graphicsenv" value="sun.awt.X11GraphicsEnvironment"/>
    <property name="surefire.real.class.path" value="/home/pandian/Documents/Automation/target/surefire/surefirebooter979770933252502654.jar"/>
    <property name="sun.management.compiler" value="HotSpot 64-Bit Tiered Compilers"/>
    <property name="java.runtime.version" value="11.0.13+8-Ubuntu-0ubuntu1.20.04"/>
    <property name="user.name" value="pandian"/>
    <property name="path.separator" value=":"/>
    <property name="os.version" value="5.13.0-30-generic"/>
    <property name="java.runtime.name" value="OpenJDK Runtime Environment"/>
    <property name="file.encoding" value="UTF-8"/>
    <property name="sun.nio.ch.bugLevel" value=""/>
    <property name="java.vm.name" value="OpenJDK 64-Bit Server VM"/>
    <property name="localRepository" value="/home/pandian/.m2/repository"/>
    <property name="java.vendor.url.bug" value="https://bugs.launchpad.net/ubuntu/+source/openjdk-lts"/>
    <property name="java.io.tmpdir" value="/tmp"/>
    <property name="java.version" value="11.0.13"/>
    <property name="user.dir" value="/home/pandian/Documents/Automation"/>
    <property name="os.arch" value="amd64"/>
    <property name="java.vm.specification.name" value="Java Virtual Machine Specification"/>
    <property name="java.awt.printerjob" value="sun.print.PSPrinterJob"/>
    <property name="sun.os.patch.level" value="unknown"/>
    <property name="java.library.path" value="/usr/java/packages/lib:/usr/lib/x86_64-linux-gnu/jni:/lib/x86_64-linux-gnu:/usr/lib/x86_64-linux-gnu:/usr/lib/jni:/lib:/usr/lib"/>
    <property name="java.vm.info" value="mixed mode, sharing"/>
    <property name="java.vendor" value="Ubuntu"/>
    <property name="java.vm.version" value="11.0.13+8-Ubuntu-0ubuntu1.20.04"/>
    <property name="sun.io.unicode.encoding" value="UnicodeLittle"/>
    <property name="java.class.version" value="55.0"/>
  </properties>
  <testcase name="openUrl" classname="execution.Runner" time="33.278">
    <system-out><![CDATA[22:12:54.513 [main] INFO  helper.TestListeners - This is onStart method/home/pandian/Documents/Automation/target/surefire-reports/Suite
ChromeDriver: chrome on LINUX (0a445780162b67c3512c3721b0a72f74)
22:12:55.783 [main] INFO  helper.TestListeners - New Test Started openUrl
22:13:27.025 [main] INFO  execution.Runner - ClaritySSO - Login
22:13:28.027 [main] INFO  helper.TestListeners - Test Successfully Finished openUrl
22:13:29.063 [main] INFO  helper.TestListeners - Image File Name openUrl
]]></system-out>
    <system-err><![CDATA[SLF4J: Failed to load class "org.slf4j.impl.StaticLoggerBinder".
SLF4J: Defaulting to no-operation (NOP) logger implementation
SLF4J: See http://www.slf4j.org/codes.html#StaticLoggerBinder for further details.
Starting ChromeDriver 99.0.4844.51 (d537ec02474b5afe23684e7963d538896c63ac77-refs/branch-heads/4844@{#875}) on port 59569
Only local connections are allowed.
Please see https://chromedriver.chromium.org/security-considerations for suggestions on keeping ChromeDriver safe.
ChromeDriver was started successfully.
Mar 05, 2022 10:12:55 PM org.openqa.selenium.remote.ProtocolHandshake createSession
INFO: Detected dialect: W3C
Mar 05, 2022 10:12:55 PM org.openqa.selenium.devtools.CdpVersionFinder findNearestMatch
WARNING: Unable to find an exact match for CDP version 99, so returning the closest version found: 96
Mar 05, 2022 10:12:55 PM org.openqa.selenium.devtools.CdpVersionFinder findNearestMatch
INFO: Found CDP implementation for version 99 of 96
]]></system-err>
  </testcase>
  <testcase name="loginTest[standard_user, 23456S$](1)" classname="execution.Runner" time="1.044">
    <system-out><![CDATA[22:13:29.069 [main] INFO  helper.TestListeners - New Test Started loginTest
standard_user 23456S$
22:13:29.298 [main] INFO  helper.TestListeners - Test Successfully Finished loginTest
22:13:30.112 [main] INFO  helper.TestListeners - Image File Name loginTest
]]></system-out>
  </testcase>
  <testcase name="loginTest[srilanakamrst1@gmail.com, 12345S#](2)" classname="execution.Runner" time="1.003">
    <system-out><![CDATA[22:13:30.113 [main] INFO  helper.TestListeners - New Test Started loginTest
srilanakamrst1@gmail.com 12345S#
22:13:30.273 [main] INFO  helper.TestListeners - Test Successfully Finished loginTest
22:13:31.115 [main] INFO  helper.TestListeners - Image File Name loginTest
]]></system-out>
  </testcase>
  <testcase name="hotel" classname="execution.Runner" time="5.61">
    <system-out><![CDATA[22:13:31.116 [main] INFO  helper.TestListeners - New Test Started hotel
Hotels
22:13:35.460 [main] INFO  helper.TestListeners - Test Successfully Finished hotel
22:13:36.725 [main] INFO  helper.TestListeners - Image File Name hotel
]]></system-out>
  </testcase>
  <testcase name="locationField" classname="execution.Runner" time="2.333">
    <system-out><![CDATA[22:13:36.725 [main] INFO  helper.TestListeners - New Test Started locationField
[Ljava.lang.StackTraceElement;@2e6d76ba
22:13:37.832 [main] INFO  helper.TestListeners - Test Successfully Finished locationField
22:13:39.058 [main] INFO  helper.TestListeners - Image File Name locationField
]]></system-out>
  </testcase>
  <testcase name="checkIn" classname="execution.Runner" time="2.765">
    <system-out><![CDATA[22:13:39.059 [main] INFO  helper.TestListeners - New Test Started checkIn
22:13:40.158 [main] INFO  utility.Methods - Return : element click intercepted: Element <input id="datepicker-input-single-trigger-1" type="text" placeholder="Check-in" autocomplete="off" class="text-truncate form-control" disable="" onpaste="return false;" ondrop="return false;"> is not clickable at point (1182, 63). Other element would receive the click: <div class="header-wrapper flex-md-row ">...</div>
  (Session info: chrome=99.0.4844.51)
Build info: version: '4.1.2', revision: '9a5a329c5a'
System info: host: 'wintlt-ThinkPad-E14-Gen-2', ip: '127.0.1.1', os.name: 'Linux', os.arch: 'amd64', os.version: '5.13.0-30-generic', java.version: '11.0.13'
Driver info: org.openqa.selenium.chrome.ChromeDriver
Command: [0a445780162b67c3512c3721b0a72f74, clickElement {id=b8b1ba99-0be2-4c5d-ac61-a20a7a123462}]
Capabilities {acceptInsecureCerts: false, browserName: chrome, browserVersion: 99.0.4844.51, chrome: {chromedriverVersion: 99.0.4844.51 (d537ec02474b5..., userDataDir: /tmp/.com.google.Chrome.tq6TrZ}, goog:chromeOptions: {debuggerAddress: localhost:40199}, javascriptEnabled: true, networkConnectionEnabled: false, pageLoadStrategy: normal, platform: LINUX, platformName: LINUX, proxy: Proxy(), se:cdp: ws://localhost:40199/devtoo..., se:cdpVersion: 99.0.4844.51, setWindowRect: true, strictFileInteractability: false, timeouts: {implicit: 0, pageLoad: 300000, script: 30000}, unhandledPromptBehavior: dismiss and notify, webauthn:extension:credBlob: true, webauthn:extension:largeBlob: true, webauthn:virtualAuthenticators: true}
Element: [[ChromeDriver: chrome on LINUX (0a445780162b67c3512c3721b0a72f74)] -> relative: {root={xpath=//input[@placeholder='Check-in']}, filters=[{kind=right, args=[[[ChromeDriver: chrome on LINUX (0a445780162b67c3512c3721b0a72f74)] -> relative: {root={xpath=//input[@placeholder='Neighbourhood']}, filters=[{kind=right, args=[[[ChromeDriver: chrome on LINUX (0a445780162b67c3512c3721b0a72f74)] -> xpath: //input[@placeholder='Enter a Hotel Name or Destination']]]}]}]]}]}]
Session ID: 0a445780162b67c3512c3721b0a72f74
22:13:40.159 [main] INFO  helper.TestListeners - Test Successfully Finished checkIn
22:13:41.820 [main] INFO  helper.TestListeners - Image File Name checkIn
]]></system-out>
  </testcase>
  <testcase name="doneButton" classname="execution.Runner" time="101.803">
    <failure message="element not interactable&#10;  (Session info: chrome=99.0.4844.51)&#10;Build info: version: &apos;4.1.2&apos;, revision: &apos;9a5a329c5a&apos;&#10;System info: host: &apos;wintlt-ThinkPad-E14-Gen-2&apos;, ip: &apos;127.0.1.1&apos;, os.name: &apos;Linux&apos;, os.arch: &apos;amd64&apos;, os.version: &apos;5.13.0-30-generic&apos;, java.version: &apos;11.0.13&apos;&#10;Driver info: org.openqa.selenium.chrome.ChromeDriver&#10;Command: [0a445780162b67c3512c3721b0a72f74, clickElement {id=e8b0c63e-73df-4158-9a1e-670441e66183}]&#10;Capabilities {acceptInsecureCerts: false, browserName: chrome, browserVersion: 99.0.4844.51, chrome: {chromedriverVersion: 99.0.4844.51 (d537ec02474b5..., userDataDir: /tmp/.com.google.Chrome.tq6TrZ}, goog:chromeOptions: {debuggerAddress: localhost:40199}, javascriptEnabled: true, networkConnectionEnabled: false, pageLoadStrategy: normal, platform: LINUX, platformName: LINUX, proxy: Proxy(), se:cdp: ws://localhost:40199/devtoo..., se:cdpVersion: 99.0.4844.51, setWindowRect: true, strictFileInteractability: false, timeouts: {implicit: 0, pageLoad: 300000, script: 30000}, unhandledPromptBehavior: dismiss and notify, webauthn:extension:credBlob: true, webauthn:extension:largeBlob: true, webauthn:virtualAuthenticators: true}&#10;Element: [[ChromeDriver: chrome on LINUX (0a445780162b67c3512c3721b0a72f74)] -&gt; xpath: //div[@class=&apos;mt-4 text-center&apos;]//span[@class=&apos;cursor done_btn&apos;][normalize-space()=&apos;Done&apos;]]&#10;Session ID: 0a445780162b67c3512c3721b0a72f74" type="org.openqa.selenium.ElementNotInteractableException"><![CDATA[org.openqa.selenium.ElementNotInteractableException: 
element not interactable
  (Session info: chrome=99.0.4844.51)
Build info: version: '4.1.2', revision: '9a5a329c5a'
System info: host: 'wintlt-ThinkPad-E14-Gen-2', ip: '127.0.1.1', os.name: 'Linux', os.arch: 'amd64', os.version: '5.13.0-30-generic', java.version: '11.0.13'
Driver info: org.openqa.selenium.chrome.ChromeDriver
Command: [0a445780162b67c3512c3721b0a72f74, clickElement {id=e8b0c63e-73df-4158-9a1e-670441e66183}]
Capabilities {acceptInsecureCerts: false, browserName: chrome, browserVersion: 99.0.4844.51, chrome: {chromedriverVersion: 99.0.4844.51 (d537ec02474b5..., userDataDir: /tmp/.com.google.Chrome.tq6TrZ}, goog:chromeOptions: {debuggerAddress: localhost:40199}, javascriptEnabled: true, networkConnectionEnabled: false, pageLoadStrategy: normal, platform: LINUX, platformName: LINUX, proxy: Proxy(), se:cdp: ws://localhost:40199/devtoo..., se:cdpVersion: 99.0.4844.51, setWindowRect: true, strictFileInteractability: false, timeouts: {implicit: 0, pageLoad: 300000, script: 30000}, unhandledPromptBehavior: dismiss and notify, webauthn:extension:credBlob: true, webauthn:extension:largeBlob: true, webauthn:virtualAuthenticators: true}
Element: [[ChromeDriver: chrome on LINUX (0a445780162b67c3512c3721b0a72f74)] -> xpath: //div[@class='mt-4 text-center']//span[@class='cursor done_btn'][normalize-space()='Done']]
Session ID: 0a445780162b67c3512c3721b0a72f74
	at execution.Runner.doneButton(Runner.java:108)
]]></failure>
    <system-out><![CDATA[22:13:41.821 [main] INFO  helper.TestListeners - New Test Started doneButton
22:15:21.862 [main] INFO  helper.TestListeners - Test Successfully Failure Listener Invoked doneButton
22:15:23.623 [main] INFO  helper.TestListeners - Image File Name null.png
22:15:23.623 [main] INFO  helper.TestListeners - Test Failed doneButton
]]></system-out>
  </testcase>
  <testcase name="packageOnlyPrice" classname="execution.Runner" time="2.807">
    <failure message="element click intercepted: Element &lt;label class=&quot;custom-control-label&quot; for=&quot;__BVID__485&quot;&gt;...&lt;/label&gt; is not clickable at point (290, 12). Other element would receive the click: &lt;a href=&quot;/dashboard&quot; class=&quot;navbar-brand pointer logo b2b-logo mr-md-5&quot;&gt;...&lt;/a&gt;&#10;  (Session info: chrome=99.0.4844.51)&#10;Build info: version: &apos;4.1.2&apos;, revision: &apos;9a5a329c5a&apos;&#10;System info: host: &apos;wintlt-ThinkPad-E14-Gen-2&apos;, ip: &apos;127.0.1.1&apos;, os.name: &apos;Linux&apos;, os.arch: &apos;amd64&apos;, os.version: &apos;5.13.0-30-generic&apos;, java.version: &apos;11.0.13&apos;&#10;Driver info: org.openqa.selenium.chrome.ChromeDriver&#10;Command: [0a445780162b67c3512c3721b0a72f74, clickElement {id=a4a8c900-7325-42a7-a5b2-fe01ab6d8721}]&#10;Capabilities {acceptInsecureCerts: false, browserName: chrome, browserVersion: 99.0.4844.51, chrome: {chromedriverVersion: 99.0.4844.51 (d537ec02474b5..., userDataDir: /tmp/.com.google.Chrome.tq6TrZ}, goog:chromeOptions: {debuggerAddress: localhost:40199}, javascriptEnabled: true, networkConnectionEnabled: false, pageLoadStrategy: normal, platform: LINUX, platformName: LINUX, proxy: Proxy(), se:cdp: ws://localhost:40199/devtoo..., se:cdpVersion: 99.0.4844.51, setWindowRect: true, strictFileInteractability: false, timeouts: {implicit: 0, pageLoad: 300000, script: 30000}, unhandledPromptBehavior: dismiss and notify, webauthn:extension:credBlob: true, webauthn:extension:largeBlob: true, webauthn:virtualAuthenticators: true}&#10;Element: [[ChromeDriver: chrome on LINUX (0a445780162b67c3512c3721b0a72f74)] -&gt; xpath: //label[contains(.,&apos;Include Package Price&apos;)]]&#10;Session ID: 0a445780162b67c3512c3721b0a72f74" type="org.openqa.selenium.ElementClickInterceptedException"><![CDATA[org.openqa.selenium.ElementClickInterceptedException: 
element click intercepted: Element <label class="custom-control-label" for="__BVID__485">...</label> is not clickable at point (290, 12). Other element would receive the click: <a href="/dashboard" class="navbar-brand pointer logo b2b-logo mr-md-5">...</a>
  (Session info: chrome=99.0.4844.51)
Build info: version: '4.1.2', revision: '9a5a329c5a'
System info: host: 'wintlt-ThinkPad-E14-Gen-2', ip: '127.0.1.1', os.name: 'Linux', os.arch: 'amd64', os.version: '5.13.0-30-generic', java.version: '11.0.13'
Driver info: org.openqa.selenium.chrome.ChromeDriver
Command: [0a445780162b67c3512c3721b0a72f74, clickElement {id=a4a8c900-7325-42a7-a5b2-fe01ab6d8721}]
Capabilities {acceptInsecureCerts: false, browserName: chrome, browserVersion: 99.0.4844.51, chrome: {chromedriverVersion: 99.0.4844.51 (d537ec02474b5..., userDataDir: /tmp/.com.google.Chrome.tq6TrZ}, goog:chromeOptions: {debuggerAddress: localhost:40199}, javascriptEnabled: true, networkConnectionEnabled: false, pageLoadStrategy: normal, platform: LINUX, platformName: LINUX, proxy: Proxy(), se:cdp: ws://localhost:40199/devtoo..., se:cdpVersion: 99.0.4844.51, setWindowRect: true, strictFileInteractability: false, timeouts: {implicit: 0, pageLoad: 300000, script: 30000}, unhandledPromptBehavior: dismiss and notify, webauthn:extension:credBlob: true, webauthn:extension:largeBlob: true, webauthn:virtualAuthenticators: true}
Element: [[ChromeDriver: chrome on LINUX (0a445780162b67c3512c3721b0a72f74)] -> xpath: //label[contains(.,'Include Package Price')]]
Session ID: 0a445780162b67c3512c3721b0a72f74
	at execution.Runner.packageOnlyPrice(Runner.java:110)
]]></failure>
    <system-out><![CDATA[22:15:23.625 [main] INFO  helper.TestListeners - New Test Started packageOnlyPrice
22:15:24.736 [main] INFO  helper.TestListeners - Test Successfully Failure Listener Invoked packageOnlyPrice
22:15:26.432 [main] INFO  helper.TestListeners - Image File Name null.png
22:15:26.433 [main] INFO  helper.TestListeners - Test Failed packageOnlyPrice
]]></system-out>
  </testcase>
  <testcase name="searchButton" classname="execution.Runner" time="2.818">
    <failure message="element click intercepted: Element &lt;button class=&quot;btn btn-primary search_btn&quot;&gt;...&lt;/button&gt; is not clickable at point (1715, 20). Other element would receive the click: &lt;button aria-haspopup=&quot;true&quot; aria-expanded=&quot;false&quot; type=&quot;button&quot; class=&quot;btn dropdown-toggle btn-secondary&quot; id=&quot;__BVID__334__BV_toggle_&quot;&gt;...&lt;/button&gt;&#10;  (Session info: chrome=99.0.4844.51)&#10;Build info: version: &apos;4.1.2&apos;, revision: &apos;9a5a329c5a&apos;&#10;System info: host: &apos;wintlt-ThinkPad-E14-Gen-2&apos;, ip: &apos;127.0.1.1&apos;, os.name: &apos;Linux&apos;, os.arch: &apos;amd64&apos;, os.version: &apos;5.13.0-30-generic&apos;, java.version: &apos;11.0.13&apos;&#10;Driver info: org.openqa.selenium.chrome.ChromeDriver&#10;Command: [0a445780162b67c3512c3721b0a72f74, clickElement {id=c011177d-5666-4347-95c6-f72d7a670d62}]&#10;Capabilities {acceptInsecureCerts: false, browserName: chrome, browserVersion: 99.0.4844.51, chrome: {chromedriverVersion: 99.0.4844.51 (d537ec02474b5..., userDataDir: /tmp/.com.google.Chrome.tq6TrZ}, goog:chromeOptions: {debuggerAddress: localhost:40199}, javascriptEnabled: true, networkConnectionEnabled: false, pageLoadStrategy: normal, platform: LINUX, platformName: LINUX, proxy: Proxy(), se:cdp: ws://localhost:40199/devtoo..., se:cdpVersion: 99.0.4844.51, setWindowRect: true, strictFileInteractability: false, timeouts: {implicit: 0, pageLoad: 300000, script: 30000}, unhandledPromptBehavior: dismiss and notify, webauthn:extension:credBlob: true, webauthn:extension:largeBlob: true, webauthn:virtualAuthenticators: true}&#10;Element: [[ChromeDriver: chrome on LINUX (0a445780162b67c3512c3721b0a72f74)] -&gt; xpath: (//button[contains(.,&apos;Search&apos;)])[2]]&#10;Session ID: 0a445780162b67c3512c3721b0a72f74" type="org.openqa.selenium.ElementClickInterceptedException"><![CDATA[org.openqa.selenium.ElementClickInterceptedException: 
element click intercepted: Element <button class="btn btn-primary search_btn">...</button> is not clickable at point (1715, 20). Other element would receive the click: <button aria-haspopup="true" aria-expanded="false" type="button" class="btn dropdown-toggle btn-secondary" id="__BVID__334__BV_toggle_">...</button>
  (Session info: chrome=99.0.4844.51)
Build info: version: '4.1.2', revision: '9a5a329c5a'
System info: host: 'wintlt-ThinkPad-E14-Gen-2', ip: '127.0.1.1', os.name: 'Linux', os.arch: 'amd64', os.version: '5.13.0-30-generic', java.version: '11.0.13'
Driver info: org.openqa.selenium.chrome.ChromeDriver
Command: [0a445780162b67c3512c3721b0a72f74, clickElement {id=c011177d-5666-4347-95c6-f72d7a670d62}]
Capabilities {acceptInsecureCerts: false, browserName: chrome, browserVersion: 99.0.4844.51, chrome: {chromedriverVersion: 99.0.4844.51 (d537ec02474b5..., userDataDir: /tmp/.com.google.Chrome.tq6TrZ}, goog:chromeOptions: {debuggerAddress: localhost:40199}, javascriptEnabled: true, networkConnectionEnabled: false, pageLoadStrategy: normal, platform: LINUX, platformName: LINUX, proxy: Proxy(), se:cdp: ws://localhost:40199/devtoo..., se:cdpVersion: 99.0.4844.51, setWindowRect: true, strictFileInteractability: false, timeouts: {implicit: 0, pageLoad: 300000, script: 30000}, unhandledPromptBehavior: dismiss and notify, webauthn:extension:credBlob: true, webauthn:extension:largeBlob: true, webauthn:virtualAuthenticators: true}
Element: [[ChromeDriver: chrome on LINUX (0a445780162b67c3512c3721b0a72f74)] -> xpath: (//button[contains(.,'Search')])[2]]
Session ID: 0a445780162b67c3512c3721b0a72f74
	at execution.Runner.searchButton(Runner.java:113)
]]></failure>
    <system-out><![CDATA[22:15:26.434 [main] INFO  helper.TestListeners - New Test Started searchButton
22:15:27.540 [main] INFO  helper.TestListeners - Test Successfully Failure Listener Invoked searchButton
22:15:29.250 [main] INFO  helper.TestListeners - Image File Name null.png
22:15:29.250 [main] INFO  helper.TestListeners - Test Failed searchButton
]]></system-out>
  </testcase>
  <testcase name="filtercheck" classname="execution.Runner" time="10.034">
    <system-out><![CDATA[22:15:29.251 [main] INFO  helper.TestListeners - New Test Started filtercheck
22:15:39.262 [main] INFO  Data.WebElementReader - org.openqa.selenium.WebDriverException: chrome not reachable
  (Session info: chrome=99.0.4844.51)
Build info: version: '4.1.2', revision: '9a5a329c5a'
System info: host: 'wintlt-ThinkPad-E14-Gen-2', ip: '127.0.1.1', os.name: 'Linux', os.arch: 'amd64', os.version: '5.13.0-30-generic', java.version: '11.0.13'
Driver info: org.openqa.selenium.chrome.ChromeDriver
Command: [0a445780162b67c3512c3721b0a72f74, getPageSource {}]
Capabilities {acceptInsecureCerts: false, browserName: chrome, browserVersion: 99.0.4844.51, chrome: {chromedriverVersion: 99.0.4844.51 (d537ec02474b5..., userDataDir: /tmp/.com.google.Chrome.tq6TrZ}, goog:chromeOptions: {debuggerAddress: localhost:40199}, javascriptEnabled: true, networkConnectionEnabled: false, pageLoadStrategy: normal, platform: LINUX, platformName: LINUX, proxy: Proxy(), se:cdp: ws://localhost:40199/devtoo..., se:cdpVersion: 99.0.4844.51, setWindowRect: true, strictFileInteractability: false, timeouts: {implicit: 0, pageLoad: 300000, script: 30000}, unhandledPromptBehavior: dismiss and notify, webauthn:extension:credBlob: true, webauthn:extension:largeBlob: true, webauthn:virtualAuthenticators: true}
Session ID: 0a445780162b67c3512c3721b0a72f74
22:15:39.266 [main] INFO  pages.ResultsPage - java.lang.NullPointerException
22:15:39.267 [main] INFO  helper.TestListeners - Test Successfully Finished filtercheck
22:15:39.277 [main] WARN  helper.TestListeners - Error message user chrome not reachable
  (Session info: chrome=99.0.4844.51)
Build info: version: '4.1.2', revision: '9a5a329c5a'
System info: host: 'wintlt-ThinkPad-E14-Gen-2', ip: '127.0.1.1', os.name: 'Linux', os.arch: 'amd64', os.version: '5.13.0-30-generic', java.version: '11.0.13'
Driver info: org.openqa.selenium.chrome.ChromeDriver
Command: [0a445780162b67c3512c3721b0a72f74, executeScript {script=return window.devicePixelRatio;, args=[]}]
Capabilities {acceptInsecureCerts: false, browserName: chrome, browserVersion: 99.0.4844.51, chrome: {chromedriverVersion: 99.0.4844.51 (d537ec02474b5..., userDataDir: /tmp/.com.google.Chrome.tq6TrZ}, goog:chromeOptions: {debuggerAddress: localhost:40199}, javascriptEnabled: true, networkConnectionEnabled: false, pageLoadStrategy: normal, platform: LINUX, platformName: LINUX, proxy: Proxy(), se:cdp: ws://localhost:40199/devtoo..., se:cdpVersion: 99.0.4844.51, setWindowRect: true, strictFileInteractability: false, timeouts: {implicit: 0, pageLoad: 300000, script: 30000}, unhandledPromptBehavior: dismiss and notify, webauthn:extension:credBlob: true, webauthn:extension:largeBlob: true, webauthn:virtualAuthenticators: true}
Session ID: 0a445780162b67c3512c3721b0a72f74
]]></system-out>
  </testcase>
</testsuite>